[2017-03-16 15:12:39]	Cannot open file 
[2017-03-16 15:12:39]	D:\java\ictclasTest\Data\KeyBlackList.pdat
[2017-03-16 15:15:34]	Cannot open file 
[2017-03-16 15:15:34]	D:\java\ictclasTest\Data\KeyBlackList.pdat
[2017-03-16 15:15:43]	Cannot open file 
[2017-03-16 15:15:43]	D:\java\ictclasTest\Data\KeyBlackList.pdat
[2017-03-16 15:15:52]	Cannot open file 
[2017-03-16 15:15:52]	D:\java\ictclasTest\Data\KeyBlackList.pdat
[2017-03-16 15:16:53]	Cannot open file 
[2017-03-16 15:16:53]	D:\java\ictclasTest\Data\KeyBlackList.pdat
[2017-03-16 15:17:26]	Cannot open file 
[2017-03-16 15:17:26]	D:\java\ictclasTest\Data\KeyBlackList.pdat
[2017-03-16 15:17:36]	Cannot open file 
[2017-03-16 15:17:36]	D:\java\ictclasTest\Data\KeyBlackList.pdat
[2017-03-16 15:18:00]	Cannot open file 
[2017-03-16 15:18:00]	D:\java\ictclasTest\Data\KeyBlackList.pdat
[2017-03-16 15:18:15]	Cannot open file 
[2017-03-16 15:18:15]	D:\java\ictclasTest\Data\KeyBlackList.pdat
[2017-03-16 15:18:58]	Cannot open file 
[2017-03-16 15:18:58]	D:\java\ictclasTest\Data\KeyBlackList.pdat
[2017-03-16 15:19:30]	Cannot open file 
[2017-03-16 15:19:30]	D:\java\ictclasTest\Data\KeyBlackList.pdat
[2017-03-16 15:20:30]	Cannot open file 
[2017-03-16 15:20:30]	D:\java\ictclasTest\Data\KeyBlackList.pdat
[2017-03-16 15:20:47]	Cannot open file 
[2017-03-16 15:20:47]	D:\java\ictclasTest\Data\KeyBlackList.pdat
[2017-03-16 15:23:02]	Cannot open file 
[2017-03-16 15:23:02]	D:\java\ictclasTest\Data\KeyBlackList.pdat
[2017-03-16 15:24:03]	Cannot open file 
[2017-03-16 15:24:03]	D:\java\ictclasTest\Data\KeyBlackList.pdat
[2017-03-16 15:24:03]	Failed Open file Failed Open file 
[2017-03-16 15:24:03]	Error read file
[2017-03-16 15:24:03]	D:\java\ictclasTest\source\userdic.txt
[2017-03-16 15:24:03]	Error read file
[2017-03-16 15:24:03]	d:\1.txt
[2017-03-16 15:24:24]	Cannot open file 
[2017-03-16 15:24:24]	D:\java\ictclasTest\Data\KeyBlackList.pdat
[2017-03-16 15:24:24]	Failed Open file Failed Open file 
[2017-03-16 15:24:24]	Error read file
[2017-03-16 15:24:24]	D:\java\ictclasTest\source\userdic.txt
[2017-03-16 15:24:24]	Error read file
[2017-03-16 15:24:24]	d:\1.txt
[2017-03-16 15:25:25]	Cannot open file 
[2017-03-16 15:25:25]	D:\java\ictclasTest\Data\KeyBlackList.pdat
[2017-03-16 15:25:25]	Failed Open file Failed Open file 
[2017-03-16 15:25:25]	Error read file
[2017-03-16 15:25:25]	D:\java\ictclasTest\source\userdic.txt
[2017-03-16 15:25:25]	Error read file
[2017-03-16 15:25:25]	d:\1.txt
[2017-03-16 15:26:55]	Cannot open file 
[2017-03-16 15:26:55]	D:\java\ictclasTest\Data\KeyBlackList.pdat
[2017-03-16 15:26:55]	Failed Open file Failed Open file 
[2017-03-16 15:26:55]	Error read file
[2017-03-16 15:26:55]	D:\java\ictclasTest\source\userdic.txt
[2017-03-16 15:26:55]	Error read file
[2017-03-16 15:26:55]	d:\1.txt
[2017-03-16 15:30:54]	Cannot open file 
[2017-03-16 15:30:54]	D:\java\ictclasTest\Data\KeyBlackList.pdat
[2017-03-16 15:30:54]	Failed Open file Failed Open file 
[2017-03-16 15:30:54]	Error read file
[2017-03-16 15:30:54]	D:\java\ictclasTest\source\userdic.txt
[2017-03-16 15:30:54]	Error read file
[2017-03-16 15:30:54]	d:\1.txt
[2017-03-16 15:30:59]	Cannot open file 
[2017-03-16 15:30:59]	D:\java\ictclasTest\Data\KeyBlackList.pdat
[2017-03-16 15:30:59]	Failed Open file Failed Open file 
[2017-03-16 15:30:59]	Error read file
[2017-03-16 15:30:59]	D:\java\ictclasTest\source\userdic.txt
[2017-03-16 15:30:59]	Error read file
[2017-03-16 15:30:59]	d:\1.txt
[2017-03-16 15:53:32]	Cannot open file 
[2017-03-16 15:53:32]	D:\java\◊‘–¥≥Ã–Ú\ictclasTest\Data\KeyBlackList.pdat
[2017-03-16 15:53:32]	Failed Open file Failed Open file 
[2017-03-16 15:53:32]	Error read file
[2017-03-16 15:53:32]	D:\java\Ëá™ÂÜôÁ®ãÂ∫è\ictclasTest\source\userdic.txt
[2017-03-16 15:53:32]	Error read file
[2017-03-16 15:53:32]	d:\1.txt
